<?xml version="1.0" encoding="UTF-8"?>
<!-- Generated by org.testng.reporters.JUnitXMLReporter -->
<testsuite ignored="0" hostname="tahmid_anon" failures="0" tests="5" name="Test" time="38.892" errors="0" timestamp="2025-01-25T16:52:49 GMT+06:00">
  <testcase classname="testCases.TC003_LoginDDT" name="verify_loginDDT" time="1.349"/>
  <testcase classname="testCases.TC003_LoginDDT" name="verify_loginDDT" time="10.916"/>
  <testcase classname="testCases.TC003_LoginDDT" name="verify_loginDDT" time="10.996"/>
  <testcase classname="testCases.TC003_LoginDDT" name="verify_loginDDT" time="10.905"/>
  <testcase classname="testCases.TC003_LoginDDT" name="verify_loginDDT" time="1.255"/>
</testsuite> <!-- Test -->
